0 info it worked if it ends with ok
1 verbose cli [ '/usr/local/bin/node', '/usr/local/bin/npm', 'run', 'build' ]
2 info using npm@3.10.9
3 info using node@v7.1.0
4 verbose run-script [ 'prebuild', 'build', 'postbuild' ]
5 info lifecycle chimee-plugin-controlbar@0.0.6~prebuild: chimee-plugin-controlbar@0.0.6
6 silly lifecycle chimee-plugin-controlbar@0.0.6~prebuild: no script for prebuild, continuing
7 info lifecycle chimee-plugin-controlbar@0.0.6~build: chimee-plugin-controlbar@0.0.6
8 verbose lifecycle chimee-plugin-controlbar@0.0.6~build: unsafe-perm in lifecycle true
9 verbose lifecycle chimee-plugin-controlbar@0.0.6~build: PATH: /usr/local/lib/node_modules/npm/bin/node-gyp-bin:/Users/yandeqiang/Desktop/git/chimee-plugin-controlbar/node_modules/.bin:/usr/local/bin:/usr/bin:/bin:/usr/sbin:/sbin
10 verbose lifecycle chimee-plugin-controlbar@0.0.6~build: CWD: /Users/yandeqiang/Desktop/git/chimee-plugin-controlbar
11 silly lifecycle chimee-plugin-controlbar@0.0.6~build: Args: [ '-c',
11 silly lifecycle   'npm run b-common && npm run b-es && npm run b-umd && npm run b-min' ]
12 silly lifecycle chimee-plugin-controlbar@0.0.6~build: Returned: code: 1  signal: null
13 info lifecycle chimee-plugin-controlbar@0.0.6~build: Failed to exec build script
14 verbose stack Error: chimee-plugin-controlbar@0.0.6 build: `npm run b-common && npm run b-es && npm run b-umd && npm run b-min`
14 verbose stack Exit status 1
14 verbose stack     at EventEmitter.<anonymous> (/usr/local/lib/node_modules/npm/lib/utils/lifecycle.js:255:16)
14 verbose stack     at emitTwo (events.js:106:13)
14 verbose stack     at EventEmitter.emit (events.js:191:7)
14 verbose stack     at ChildProcess.<anonymous> (/usr/local/lib/node_modules/npm/lib/utils/spawn.js:40:14)
14 verbose stack     at emitTwo (events.js:106:13)
14 verbose stack     at ChildProcess.emit (events.js:191:7)
14 verbose stack     at maybeClose (internal/child_process.js:885:16)
14 verbose stack     at Process.ChildProcess._handle.onexit (internal/child_process.js:226:5)
15 verbose pkgid chimee-plugin-controlbar@0.0.6
16 verbose cwd /Users/yandeqiang/Desktop/git/chimee-plugin-controlbar
17 error Darwin 16.6.0
18 error argv "/usr/local/bin/node" "/usr/local/bin/npm" "run" "build"
19 error node v7.1.0
20 error npm  v3.10.9
21 error code ELIFECYCLE
22 error chimee-plugin-controlbar@0.0.6 build: `npm run b-common && npm run b-es && npm run b-umd && npm run b-min`
22 error Exit status 1
23 error Failed at the chimee-plugin-controlbar@0.0.6 build script 'npm run b-common && npm run b-es && npm run b-umd && npm run b-min'.
23 error Make sure you have the latest version of node.js and npm installed.
23 error If you do, this is most likely a problem with the chimee-plugin-controlbar package,
23 error not with npm itself.
23 error Tell the author that this fails on your system:
23 error     npm run b-common && npm run b-es && npm run b-umd && npm run b-min
23 error You can get information on how to open an issue for this project with:
23 error     npm bugs chimee-plugin-controlbar
23 error Or if that isn't available, you can get their info via:
23 error     npm owner ls chimee-plugin-controlbar
23 error There is likely additional logging output above.
24 verbose exit [ 1, true ]
